#
# There is insufficient memory for the Java Runtime Environment to continue.
# Native memory allocation (malloc) failed to allocate 480104 bytes for AllocateHeap
# Possible reasons:
#   The system is out of physical RAM or swap space
#   In 32 bit mode, the process size limit was hit
# Possible solutions:
#   Reduce memory load on the system
#   Increase physical memory or swap space
#   Check if swap backing store is full
#   Use 64 bit Java on a 64 bit OS
#   Decrease Java heap size (-Xmx/-Xms)
#   Decrease number of Java threads
#   Decrease Java thread stack sizes (-Xss)
#   Set larger code cache with -XX:ReservedCodeCacheSize=
# This output file may be truncated or incomplete.
#
#  Out of Memory Error (memory/allocation.inline.hpp:61), pid=12156, tid=0x00000000000009c0
#
# JRE version:  (8.0_191-b12) (build )
# Java VM: Java HotSpot(TM) 64-Bit Server VM (25.191-b12 mixed mode windows-amd64 compressed oops)
# Failed to write core dump. Minidumps are not enabled by default on client versions of Windows
#

---------------  T H R E A D  ---------------

Current thread (0x0000000003184000):  JavaThread "Unknown thread" [_thread_in_vm, id=2496, stack(0x0000000002f40000,0x0000000003040000)]

Stack: [0x0000000002f40000,0x0000000003040000]
[error occurred during error reporting (printing stack bounds), id 0xc0000005]

Native frames: (J=compiled Java code, j=interpreted, Vv=VM code, C=native code)


---------------  P R O C E S S  ---------------

Java Threads: ( => current thread )

Other Threads:

=>0x0000000003184000 (exited) JavaThread "Unknown thread" [_thread_in_vm, id=2496, stack(0x0000000002f40000,0x0000000003040000)]

VM state:not at safepoint (not fully initialized)

VM Mutex/Monitor currently owned by a thread: None

GC Heap History (0 events):
No events

Deoptimization events (0 events):
No events

Classes redefined (0 events):
No events

Internal exceptions (0 events):
No events

Events (0 events):
No events


Dynamic libraries:
0x00007ff7d1730000 - 0x00007ff7d1767000 	C:\Program Files\Java\jdk1.8.0_191\bin\java.exe
0x00007fff8ae30000 - 0x00007fff8b024000 	C:\Windows\SYSTEM32\ntdll.dll
0x00007fff8a0a0000 - 0x00007fff8a15d000 	C:\Windows\System32\KERNEL32.DLL
0x00007fff887b0000 - 0x00007fff88a77000 	C:\Windows\System32\KERNELBASE.dll
0x00007fff895f0000 - 0x00007fff8969a000 	C:\Windows\System32\ADVAPI32.dll
0x00007fff8a160000 - 0x00007fff8a1fe000 	C:\Windows\System32\msvcrt.dll
0x00007fff8ac30000 - 0x00007fff8accb000 	C:\Windows\System32\sechost.dll
0x00007fff8aae0000 - 0x00007fff8ac03000 	C:\Windows\System32\RPCRT4.dll
0x00007fff8a940000 - 0x00007fff8aae0000 	C:\Windows\System32\USER32.dll
0x00007fff88c50000 - 0x00007fff88c72000 	C:\Windows\System32\win32u.dll
0x00007fff895c0000 - 0x00007fff895ea000 	C:\Windows\System32\GDI32.dll
0x00007fff88c80000 - 0x00007fff88d8a000 	C:\Windows\System32\gdi32full.dll
0x00007fff88710000 - 0x00007fff887ad000 	C:\Windows\System32\msvcp_win.dll
0x00007fff88ad0000 - 0x00007fff88bd0000 	C:\Windows\System32\ucrtbase.dll
0x00007fff78eb0000 - 0x00007fff7914a000 	C:\Windows\WinSxS\amd64_microsoft.windows.common-controls_6595b64144ccf1df_6.0.19041.1_none_b555e41d4684ddec\COMCTL32.dll
0x00007fff89750000 - 0x00007fff89780000 	C:\Windows\System32\IMM32.DLL
0x000000005da50000 - 0x000000005db22000 	C:\Program Files\Java\jdk1.8.0_191\jre\bin\msvcr100.dll
0x000000005d1a0000 - 0x000000005da44000 	C:\Program Files\Java\jdk1.8.0_191\jre\bin\server\jvm.dll
0x00007fff898f0000 - 0x00007fff898f8000 	C:\Windows\System32\PSAPI.DLL
0x00007fff7cb10000 - 0x00007fff7cb19000 	C:\Windows\SYSTEM32\WSOCK32.dll
0x00007fff8acd0000 - 0x00007fff8ad3b000 	C:\Windows\System32\WS2_32.dll
0x00007fff7f690000 - 0x00007fff7f6b7000 	C:\Windows\SYSTEM32\WINMM.dll
0x00007fff80e70000 - 0x00007fff80e7a000 	C:\Windows\SYSTEM32\VERSION.dll
0x000000005d190000 - 0x000000005d19f000 	C:\Program Files\Java\jdk1.8.0_191\jre\bin\verify.dll
0x000000005d160000 - 0x000000005d189000 	C:\Program Files\Java\jdk1.8.0_191\jre\bin\java.dll
0x000000005cfd0000 - 0x000000005cff3000 	C:\Program Files\Java\jdk1.8.0_191\jre\bin\instrument.dll
0x000000005d140000 - 0x000000005d156000 	C:\Program Files\Java\jdk1.8.0_191\jre\bin\zip.dll

VM Arguments:
jvm_args: -javaagent:C:\Program Files\JetBrains\IntelliJ IDEA 2022.1.2\lib\idea_rt.jar=63360:C:\Program Files\JetBrains\IntelliJ IDEA 2022.1.2\bin -Dfile.encoding=UTF-8 
java_command: org.example.App
java_class_path (initial): C:\Program Files\Java\jdk1.8.0_191\jre\lib\charsets.jar;C:\Program Files\Java\jdk1.8.0_191\jre\lib\deploy.jar;C:\Program Files\Java\jdk1.8.0_191\jre\lib\ext\access-bridge-64.jar;C:\Program Files\Java\jdk1.8.0_191\jre\lib\ext\cldrdata.jar;C:\Program Files\Java\jdk1.8.0_191\jre\lib\ext\dnsns.jar;C:\Program Files\Java\jdk1.8.0_191\jre\lib\ext\jaccess.jar;C:\Program Files\Java\jdk1.8.0_191\jre\lib\ext\jfxrt.jar;C:\Program Files\Java\jdk1.8.0_191\jre\lib\ext\localedata.jar;C:\Program Files\Java\jdk1.8.0_191\jre\lib\ext\nashorn.jar;C:\Program Files\Java\jdk1.8.0_191\jre\lib\ext\sunec.jar;C:\Program Files\Java\jdk1.8.0_191\jre\lib\ext\sunjce_provider.jar;C:\Program Files\Java\jdk1.8.0_191\jre\lib\ext\sunmscapi.jar;C:\Program Files\Java\jdk1.8.0_191\jre\lib\ext\sunpkcs11.jar;C:\Program Files\Java\jdk1.8.0_191\jre\lib\ext\zipfs.jar;C:\Program Files\Java\jdk1.8.0_191\jre\lib\javaws.jar;C:\Program Files\Java\jdk1.8.0_191\jre\lib\jce.jar;C:\Program Files\Java\jdk1.8.0_191\jre\lib\jfr.jar;C:\Program Files\Java\jdk1.8.0_191\jre\lib\jfxswt.jar;C:\Program Files\Java\jdk1.8.0_191\jre\lib\jsse.jar;C:\Program Files\Java\jdk1.8.0_191\jre\lib\management-agent.jar;C:\Program Files\Java\jdk1.8.0_191\jre\lib\plugin.jar;C:\Program Files\Java\jdk1.8.0_191\jre\lib\resources.jar;C:\Program Files\Java\jdk1.8.0_191\jre\lib\rt.jar;D:\ali\hiber\untitled\target\classes;C:\Users\st\.m2\repository\org\hibernate\hibernate-core\5.6.15.Final\hibernate-core-5.6.15.Final.jar;C:\Users\st\.m2\repository\org\jboss\logging\jboss-logging\3.4.3.Final\jboss-logging-3.4.3.Final.jar;C:\Users\st\.m2\repository\javax\persistence\javax.persistence-api\2.2\javax.persistence-api-2.2.jar;C:\Users\st\.m2\repository\net\bytebuddy\byte-buddy\1.12.18\byte-buddy-1.12.18.jar;C:\Users\st\.m2\repository\antlr\antlr\2.7.7\antlr-2.7.7.jar;C:\Users\st\.m2\repository\org\jboss\spec\javax\transaction\jboss-transaction-api_1.2_spec\1.1.1.Final\jboss-transaction-api_1.2_spec-1.1.1.Final.jar;C:\Users\st\.m2
Launcher Type: SUN_STANDARD

Environment Variables:
PATH=D:\app\admintest\product\21c\dbhomeXE\bin;C:\ProgramData\Oracle\Java\javapath;C:\Program Files (x86)\Common Files\Oracle\Java\javapath;C:\Program Files (x86)\Common Files\Intel\Shared Libraries\redist\intel64\compiler;C:\Windows\system32;C:\Windows;C:\Windows\System32\Wbem;C:\Windows\System32\WindowsPowerShell\v1.0\;C:\Windows\System32\OpenSSH\;C:\Program Files (x86)\Intel\Services\IPT\;C:\Program Files\PuTTY\;C:\Program Files\dotnet\;C:\Program Files (x86)\Microsoft SQL Server\Client SDK\ODBC\130\Tools\Binn\;C:\Program Files (x86)\Microsoft SQL Server\140\Tools\Binn\;C:\Program Files (x86)\Microsoft SQL Server\140\DTS\Binn\;C:\Program Files (x86)\Microsoft SQL Server\140\Tools\Binn\ManagementStudio\;C:\Program Files (x86)\Microsoft SQL Server\150\DTS\Binn\;C:\Program Files\Azure Data Studio\bin;C:\Program Files (x86)\IVI Foundation\VISA\WinNT\Bin;C:\Program Files (x86)\Common Files\Acronis\SnapAPI\;C:\Program Files (x86)\Common Files\Acronis\VirtualFile\;C:\Program Files (x86)\Common Files\Acronis\VirtualFile64\;C:\Program Files (x86)\Common Files\Acronis\FileProtector\;C:\Program Files (x86)\Common Files\Acronis\FileProtector64\;C:\Program Files\Microsoft SQL Server\150\Tools\Binn\;C:\Program Files\Microsoft SQL Server\Client SDK\ODBC\170\Tools\Binn\;C:\Program Files\Microsoft VS Code\bin;C:\Program Files\Git\cmd;C:\Program Files\nodejs\;C:\Users\st\AppData\Local\Microsoft\WindowsApps;C:\Users\st\AppData\Local\Programs\Microsoft VS Code\bin;C:\Users\st\AppData\Local\GitHubDesktop\bin
USERNAME=st
OS=Windows_NT
PROCESSOR_IDENTIFIER=AMD64 Family 21 Model 2 Stepping 0, AuthenticAMD



---------------  S Y S T E M  ---------------

OS: Windows 10.0 , 64 bit Build 19041 (10.0.19041.292)

CPU:total 4 (initial active 4) (4 cores per cpu, 1 threads per core) family 21 model 2 stepping 0, cmov, cx8, fxsr, mmx, sse, sse2, sse3, ssse3, sse4.1, sse4.2, popcnt, avx, aes, clmul, mmxext, 3dnowpref, lzcnt, sse4a, tsc, tscinvbit, tscinv, bmi1

Memory: 4k page, physical 8108148k(1104740k free), swap 10047348k(4372k free)

vm_info: Java HotSpot(TM) 64-Bit Server VM (25.191-b12) for windows-amd64 JRE (1.8.0_191-b12), built on Oct  6 2018 09:29:03 by "java_re" with MS VC++ 10.0 (VS2010)

time: Thu May 18 19:46:08 2023
elapsed time: 0 seconds (0d 0h 0m 0s)

